This file contains any messages produced by compilers while
running configure, to aid debugging if configure makes a mistake.

It was created by configure, which was
generated by GNU Autoconf 2.63.  Invocation command line was

  $ ./configure --enable-php_bitmap

## --------- ##
## Platform. ##
## --------- ##

hostname = 203_195_187_242(money)
uname -m = x86_64
uname -r = 2.6.32-431.20.3.el6.centos.plus.x86_64
uname -s = Linux
uname -v = #1 SMP Thu Jun 19 23:04:15 UTC 2014

/usr/bin/uname -p = unknown
/bin/uname -X     = unknown

/bin/arch              = x86_64
/usr/bin/arch -k       = unknown
/usr/convex/getsysinfo = unknown
/usr/bin/hostinfo      = unknown
/bin/machine           = unknown
/usr/bin/oslevel       = unknown
/bin/universe          = unknown

PATH: /usr/local/php714/bin
PATH: /usr/local/bin
PATH: /bin
PATH: /usr/bin
PATH: /usr/local/sbin
PATH: /usr/sbin
PATH: /sbin
PATH: /home/lx/bin


## ----------- ##
## Core tests. ##
## ----------- ##

configure:1982: checking for grep that handles long lines and -e
configure:2042: result: /bin/grep
configure:2047: checking for egrep
configure:2111: result: /bin/grep -E
configure:2116: checking for a sed that does not truncate output
configure:2170: result: /bin/sed
configure:2307: checking for cc
configure:2323: found /usr/bin/cc
configure:2334: result: cc
configure:2368: checking for C compiler version
configure:2376: cc --version >&5
cc (GCC) 4.4.7 20120313 (Red Hat 4.4.7-17)
Copyright (C) 2010 Free Software Foundation, Inc.
This is free software; see the source for copying conditions.  There is NO
warranty; not even for MERCHANTABILITY or FITNESS FOR A PARTICULAR PURPOSE.

configure:2380: $? = 0
configure:2387: cc -v >&5
Using built-in specs.
Target: x86_64-redhat-linux
Configured with: ../configure --prefix=/usr --mandir=/usr/share/man --infodir=/usr/share/info --with-bugurl=http://bugzilla.redhat.com/bugzilla --enable-bootstrap --enable-shared --enable-threads=posix --enable-checking=release --with-system-zlib --enable-__cxa_atexit --disable-libunwind-exceptions --enable-gnu-unique-object --enable-languages=c,c++,objc,obj-c++,java,fortran,ada --enable-java-awt=gtk --disable-dssi --with-java-home=/usr/lib/jvm/java-1.5.0-gcj-1.5.0.0/jre --enable-libgcj-multifile --enable-java-maintainer-mode --with-ecj-jar=/usr/share/java/eclipse-ecj.jar --disable-libjava-multilib --with-ppl --with-cloog --with-tune=generic --with-arch_32=i686 --build=x86_64-redhat-linux
Thread model: posix
gcc version 4.4.7 20120313 (Red Hat 4.4.7-17) (GCC) 
configure:2391: $? = 0
configure:2398: cc -V >&5
cc: '-V' option must have argument
configure:2402: $? = 1
configure:2425: checking for C compiler default output file name
configure:2447: cc    conftest.c  >&5
configure:2451: $? = 0
configure:2489: result: a.out
configure:2508: checking whether the C compiler works
configure:2518: ./a.out
configure:2522: $? = 0
configure:2541: result: yes
configure:2548: checking whether we are cross compiling
configure:2550: result: no
configure:2553: checking for suffix of executables
configure:2560: cc -o conftest    conftest.c  >&5
configure:2564: $? = 0
configure:2590: result: 
configure:2596: checking for suffix of object files
configure:2622: cc -c   conftest.c >&5
configure:2626: $? = 0
configure:2651: result: o
configure:2655: checking whether we are using the GNU C compiler
configure:2684: cc -c   conftest.c >&5
configure:2691: $? = 0
configure:2708: result: yes
configure:2717: checking whether cc accepts -g
configure:2747: cc -c -g  conftest.c >&5
configure:2754: $? = 0
configure:2855: result: yes
configure:2872: checking for cc option to accept ISO C89
configure:2946: cc  -c -g -O2  conftest.c >&5
configure:2953: $? = 0
configure:2976: result: none needed
configure:3000: checking how to run the C preprocessor
configure:3040: cc -E  conftest.c
configure:3047: $? = 0
configure:3078: cc -E  conftest.c
conftest.c:8:28: error: ac_nonexistent.h: No such file or directory
configure:3085: $? = 1
configure: failed program was:
| /* confdefs.h.  */
| #define PACKAGE_NAME ""
| #define PACKAGE_TARNAME ""
| #define PACKAGE_VERSION ""
| #define PACKAGE_STRING ""
| #define PACKAGE_BUGREPORT ""
| /* end confdefs.h.  */
| #include <ac_nonexistent.h>
configure:3118: result: cc -E
configure:3147: cc -E  conftest.c
configure:3154: $? = 0
configure:3185: cc -E  conftest.c
conftest.c:8:28: error: ac_nonexistent.h: No such file or directory
configure:3192: $? = 1
configure: failed program was:
| /* confdefs.h.  */
| #define PACKAGE_NAME ""
| #define PACKAGE_TARNAME ""
| #define PACKAGE_VERSION ""
| #define PACKAGE_STRING ""
| #define PACKAGE_BUGREPORT ""
| /* end confdefs.h.  */
| #include <ac_nonexistent.h>
configure:3234: checking for icc
configure:3247: result: no
configure:3261: checking for suncc
configure:3274: result: no
configure:3292: checking whether cc understands -c and -o together
configure:3324: cc -c conftest.c -o conftest2.o >&5
configure:3328: $? = 0
configure:3334: cc -c conftest.c -o conftest2.o >&5
configure:3338: $? = 0
configure:3393: result: yes
configure:3409: checking for system library directory
configure:3424: result: lib
configure:3431: checking if compiler supports -R
configure:3460: cc -o conftest -g -O2   conftest.c -R /usr/lib  >&5
cc: unrecognized option '-R'
/usr/lib: file not recognized: Is a directory
collect2: ld returned 1 exit status
configure:3467: $? = 1
configure: failed program was:
| /* confdefs.h.  */
| #define PACKAGE_NAME ""
| #define PACKAGE_TARNAME ""
| #define PACKAGE_VERSION ""
| #define PACKAGE_STRING ""
| #define PACKAGE_BUGREPORT ""
| /* end confdefs.h.  */
| 
| int
| main ()
| {
| 
|   ;
|   return 0;
| }
configure:3489: result: no
configure:3494: checking if compiler supports -Wl,-rpath,
configure:3523: cc -o conftest -g -O2   conftest.c -Wl,-rpath,/usr/lib  >&5
configure:3530: $? = 0
configure:3552: result: yes
configure:3601: checking build system type
configure:3619: result: x86_64-unknown-linux-gnu
configure:3641: checking host system type
configure:3656: result: x86_64-unknown-linux-gnu
configure:3678: checking target system type
configure:3693: result: x86_64-unknown-linux-gnu
configure:3802: checking for PHP prefix
configure:3804: result: /usr/local/php714
configure:3806: checking for PHP includes
configure:3808: result: -I/usr/local/php714/include/php -I/usr/local/php714/include/php/main -I/usr/local/php714/include/php/TSRM -I/usr/local/php714/include/php/Zend -I/usr/local/php714/include/php/ext -I/usr/local/php714/include/php/ext/date/lib
configure:3810: checking for PHP extension directory
configure:3812: result: /usr/local/php714/lib/php/extensions/debug-non-zts-20160303
configure:3814: checking for PHP installed headers prefix
configure:3816: result: /usr/local/php714/include/php
configure:3819: checking if debug is enabled
configure:3849: result: yes
configure:3852: checking if zts is enabled
configure:3882: result: no
configure:3953: checking for re2c
configure:3983: result: no
configure:4008: WARNING: You will need re2c 0.13.4 or later if you want to regenerate PHP parsers.
configure:4022: checking for gawk
configure:4039: found /bin/gawk
configure:4050: result: gawk
configure:4102: checking whether to enable php_bitmap support
configure:4141: result: yes, shared
configure:4548: checking for ld used by cc
configure:4615: result: /usr/bin/ld
configure:4624: checking if the linker (/usr/bin/ld) is GNU ld
configure:4639: result: yes
configure:4644: checking for /usr/bin/ld option to reload object files
configure:4651: result: -r
configure:4669: checking for BSD-compatible nm
configure:4718: result: /usr/bin/nm -B
configure:4722: checking whether ln -s works
configure:4726: result: yes
configure:4733: checking how to recognize dependent libraries
configure:4919: result: pass_all
configure:5004: cc -c -g  -O0  conftest.c >&5
configure:5007: $? = 0
configure:5166: checking for ANSI C header files
configure:5196: cc -c -g  -O0  conftest.c >&5
configure:5203: $? = 0
configure:5302: cc -o conftest -g  -O0   conftest.c  >&5
configure:5306: $? = 0
configure:5312: ./conftest
configure:5316: $? = 0
configure:5334: result: yes
configure:5358: checking for sys/types.h
configure:5379: cc -c -g  -O0  conftest.c >&5
configure:5386: $? = 0
configure:5403: result: yes
configure:5358: checking for sys/stat.h
configure:5379: cc -c -g  -O0  conftest.c >&5
configure:5386: $? = 0
configure:5403: result: yes
configure:5358: checking for stdlib.h
configure:5379: cc -c -g  -O0  conftest.c >&5
configure:5386: $? = 0
configure:5403: result: yes
configure:5358: checking for string.h
configure:5379: cc -c -g  -O0  conftest.c >&5
configure:5386: $? = 0
configure:5403: result: yes
configure:5358: checking for memory.h
configure:5379: cc -c -g  -O0  conftest.c >&5
configure:5386: $? = 0
configure:5403: result: yes
configure:5358: checking for strings.h
configure:5379: cc -c -g  -O0  conftest.c >&5
configure:5386: $? = 0
configure:5403: result: yes
configure:5358: checking for inttypes.h
configure:5379: cc -c -g  -O0  conftest.c >&5
configure:5386: $? = 0
configure:5403: result: yes
configure:5358: checking for stdint.h
configure:5379: cc -c -g  -O0  conftest.c >&5
configure:5386: $? = 0
configure:5403: result: yes
configure:5358: checking for unistd.h
configure:5379: cc -c -g  -O0  conftest.c >&5
configure:5386: $? = 0
configure:5403: result: yes
configure:5433: checking dlfcn.h usability
configure:5450: cc -c -g  -O0  conftest.c >&5
configure:5457: $? = 0
configure:5471: result: yes
configure:5475: checking dlfcn.h presence
configure:5490: cc -E  conftest.c
configure:5497: $? = 0
configure:5511: result: yes
configure:5539: checking for dlfcn.h
configure:5548: result: yes
configure:5575: checking the maximum length of command line arguments
configure:5687: result: 1966080
configure:5699: checking command to parse /usr/bin/nm -B output from cc object
configure:5804: cc -c -g  -O0  conftest.c >&5
configure:5807: $? = 0
configure:5811: /usr/bin/nm -B conftest.o \| sed -n -e 's/^.*[ 	]\([ABCDGIRSTW][ABCDGIRSTW]*\)[ 	][ 	]*\([_A-Za-z][_A-Za-z0-9]*\)$/\1 \2 \2/p' \> conftest.nm
configure:5814: $? = 0
configure:5866: cc -o conftest -g  -O0   conftest.c conftstm.o >&5
configure:5869: $? = 0
configure:5907: result: ok
configure:5911: checking for objdir
configure:5926: result: .libs
configure:6018: checking for ar
configure:6034: found /usr/bin/ar
configure:6045: result: ar
configure:6110: checking for ranlib
configure:6126: found /usr/bin/ranlib
configure:6137: result: ranlib
configure:6202: checking for strip
configure:6218: found /usr/bin/strip
configure:6229: result: strip
configure:6798: checking if cc supports -fno-rtti -fno-exceptions
configure:6816: cc -c -g  -O0  -fno-rtti -fno-exceptions conftest.c >&5
cc1: warning: command line option "-fno-rtti" is valid for C++/ObjC++ but not for C
configure:6820: $? = 0
configure:6833: result: no
configure:6848: checking for cc option to produce PIC
configure:7088: result: -fPIC
configure:7096: checking if cc PIC flag -fPIC works
configure:7114: cc -c -g  -O0  -fPIC -DPIC conftest.c >&5
configure:7118: $? = 0
configure:7131: result: yes
configure:7159: checking if cc static flag -static works
configure:7187: result: no
configure:7197: checking if cc supports -c -o file.o
configure:7218: cc -c -g  -O0  -o out/conftest2.o conftest.c >&5
configure:7222: $? = 0
configure:7244: result: yes
configure:7270: checking whether the cc linker (/usr/bin/ld -m elf_x86_64) supports shared libraries
configure:8198: result: yes
configure:8219: checking whether -lc should be explicitly linked in
configure:8224: cc -c -g  -O0  conftest.c >&5
configure:8227: $? = 0
configure:8242: cc -shared conftest.o  -v -Wl,-soname -Wl,conftest -o conftest 2\>\&1 \| grep  -lc  \>/dev/null 2\>\&1
configure:8245: $? = 0
configure:8257: result: no
configure:8265: checking dynamic linker characteristics
configure:8863: result: GNU/Linux ld.so
configure:8887: checking how to hardcode library paths into programs
configure:8912: result: immediate
configure:8926: checking whether stripping libraries is possible
configure:8931: result: yes
configure:9761: checking if libtool supports shared libraries
configure:9763: result: yes
configure:9766: checking whether to build shared libraries
configure:9787: result: yes
configure:9790: checking whether to build static libraries
configure:9794: result: no
configure:9889: result:
creating libtool
configure:13586: creating ./config.status

## ---------------------- ##
## Running config.status. ##
## ---------------------- ##

This file was extended by config.status, which was
generated by GNU Autoconf 2.63.  Invocation command line was

  CONFIG_FILES    = 
  CONFIG_HEADERS  = 
  CONFIG_LINKS    = 
  CONFIG_COMMANDS = 
  $ ./config.status 

on 203_195_187_242(money)

config.status:607: creating config.h
config.status:741: config.h is unchanged

## ---------------- ##
## Cache variables. ##
## ---------------- ##

ac_cv_build=x86_64-unknown-linux-gnu
ac_cv_c_compiler_gnu=yes
ac_cv_env_CC_set=
ac_cv_env_CC_value=
ac_cv_env_CFLAGS_set=
ac_cv_env_CFLAGS_value=
ac_cv_env_CPPFLAGS_set=
ac_cv_env_CPPFLAGS_value=
ac_cv_env_CPP_set=
ac_cv_env_CPP_value=
ac_cv_env_LDFLAGS_set=
ac_cv_env_LDFLAGS_value=
ac_cv_env_LIBS_set=
ac_cv_env_LIBS_value=
ac_cv_env_build_alias_set=
ac_cv_env_build_alias_value=
ac_cv_env_host_alias_set=
ac_cv_env_host_alias_value=
ac_cv_env_target_alias_set=
ac_cv_env_target_alias_value=
ac_cv_header_dlfcn_h=yes
ac_cv_header_inttypes_h=yes
ac_cv_header_memory_h=yes
ac_cv_header_stdc=yes
ac_cv_header_stdint_h=yes
ac_cv_header_stdlib_h=yes
ac_cv_header_string_h=yes
ac_cv_header_strings_h=yes
ac_cv_header_sys_stat_h=yes
ac_cv_header_sys_types_h=yes
ac_cv_header_unistd_h=yes
ac_cv_host=x86_64-unknown-linux-gnu
ac_cv_objext=o
ac_cv_path_EGREP='/bin/grep -E'
ac_cv_path_GREP=/bin/grep
ac_cv_prog_AWK=gawk
ac_cv_prog_CPP='cc -E'
ac_cv_prog_ac_ct_AR=ar
ac_cv_prog_ac_ct_CC=cc
ac_cv_prog_ac_ct_RANLIB=ranlib
ac_cv_prog_ac_ct_STRIP=strip
ac_cv_prog_cc_c89=
ac_cv_prog_cc_cc_c_o=yes
ac_cv_prog_cc_g=yes
ac_cv_target=x86_64-unknown-linux-gnu
lt_cv_deplibs_check_method=pass_all
lt_cv_file_magic_cmd='$MAGIC_CMD'
lt_cv_file_magic_test_file=
lt_cv_ld_reload_flag=-r
lt_cv_objdir=.libs
lt_cv_path_LD=/usr/bin/ld
lt_cv_path_NM='/usr/bin/nm -B'
lt_cv_path_SED=/bin/sed
lt_cv_prog_compiler_c_o=yes
lt_cv_prog_compiler_pic_works=yes
lt_cv_prog_compiler_rtti_exceptions=no
lt_cv_prog_compiler_static_works=no
lt_cv_prog_gnu_ld=yes
lt_cv_sys_global_symbol_pipe='sed -n -e '\''s/^.*[ 	]\([ABCDGIRSTW][ABCDGIRSTW]*\)[ 	][ 	]*\([_A-Za-z][_A-Za-z0-9]*\)$/\1 \2 \2/p'\'''
lt_cv_sys_global_symbol_to_c_name_address='sed -n -e '\''s/^: \([^ ]*\) $/  {\"\1\", (lt_ptr) 0},/p'\'' -e '\''s/^[BCDEGRST] \([^ ]*\) \([^ ]*\)$/  {"\2", (lt_ptr) \&\2},/p'\'''
lt_cv_sys_global_symbol_to_cdecl='sed -n -e '\''s/^. .* \(.*\)$/extern int \1;/p'\'''
lt_cv_sys_lib_dlsearch_path_spec='/lib /usr/lib /usr/lib64/mysql /usr/lib64/mysql '
lt_cv_sys_lib_search_path_spec='/usr/lib/gcc/x86_64-redhat-linux/4.4.7 /usr/lib64 /lib64'
lt_cv_sys_max_cmd_len=1966080
lt_lt_cv_prog_compiler_c_o='"yes"'
lt_lt_cv_sys_global_symbol_pipe='"sed -n -e '\''s/^.*[ 	]\\([ABCDGIRSTW][ABCDGIRSTW]*\\)[ 	][ 	]*\\([_A-Za-z][_A-Za-z0-9]*\\)\$/\\1 \\2 \\2/p'\''"'
lt_lt_cv_sys_global_symbol_to_c_name_address='"sed -n -e '\''s/^: \\([^ ]*\\) \$/  {\\\"\\1\\\", (lt_ptr) 0},/p'\'' -e '\''s/^[BCDEGRST] \\([^ ]*\\) \\([^ ]*\\)\$/  {\"\\2\", (lt_ptr) \\&\\2},/p'\''"'
lt_lt_cv_sys_global_symbol_to_cdecl='"sed -n -e '\''s/^. .* \\(.*\\)\$/extern int \\1;/p'\''"'
php_cv_cc_dashr=no
php_cv_cc_rpath=yes

## ----------------- ##
## Output variables. ##
## ----------------- ##

AR='ar'
AWK='gawk'
CC='cc'
CFLAGS='-g  -O0'
CONFIGURE_COMMAND=' '\''./configure'\''  '\''--enable-php_bitmap'\'''
CONFIGURE_OPTIONS=' '\''--enable-php_bitmap'\'''
CPP='cc -E'
CPPFLAGS=' -DHAVE_CONFIG_H'
DEFS='-DHAVE_CONFIG_H'
DSYMUTIL=''
ECHO='echo'
ECHO_C=''
ECHO_N='-n'
ECHO_T=''
EGREP='/bin/grep -E'
EXEEXT=''
GREP='/bin/grep'
LDFLAGS=''
LIBOBJS=''
LIBS=''
LIBTOOL='$(SHELL) $(top_builddir)/libtool'
LN_S='ln -s'
LTLIBOBJS=''
NMEDIT=''
OBJEXT='o'
PACKAGE_BUGREPORT=''
PACKAGE_NAME=''
PACKAGE_STRING=''
PACKAGE_TARNAME=''
PACKAGE_VERSION=''
PATH_SEPARATOR=':'
RANLIB='ranlib'
RE2C='exit 0;'
SED='/bin/sed'
SHELL='/bin/sh'
SHLIB_DL_SUFFIX_NAME='so'
SHLIB_SUFFIX_NAME='so'
STRIP='strip'
ac_ct_CC='cc'
bindir='${exec_prefix}/bin'
build='x86_64-unknown-linux-gnu'
build_alias=''
build_cpu='x86_64'
build_os='linux-gnu'
build_vendor='unknown'
datadir='${datarootdir}'
datarootdir='${prefix}/share'
docdir='${datarootdir}/doc/${PACKAGE}'
dvidir='${docdir}'
exec_prefix='$(prefix)'
host='x86_64-unknown-linux-gnu'
host_alias='x86_64-unknown-linux-gnu'
host_cpu='x86_64'
host_os='linux-gnu'
host_vendor='unknown'
htmldir='${docdir}'
includedir='${prefix}/include'
infodir='${datarootdir}/info'
libdir='${exec_prefix}/lib'
libexecdir='${exec_prefix}/libexec'
localedir='${datarootdir}/locale'
localstatedir='${prefix}/var'
mandir='${datarootdir}/man'
oldincludedir='/usr/include'
pdfdir='${docdir}'
prefix='/usr/local/php714'
program_transform_name='s,x,x,'
psdir='${docdir}'
sbindir='${exec_prefix}/sbin'
sharedstatedir='${prefix}/com'
sysconfdir='${prefix}/etc'
target='x86_64-unknown-linux-gnu'
target_alias=''
target_cpu='x86_64'
target_os='linux-gnu'
target_vendor='unknown'

## ----------- ##
## confdefs.h. ##
## ----------- ##

#define PACKAGE_NAME ""
#define PACKAGE_TARNAME ""
#define PACKAGE_VERSION ""
#define PACKAGE_STRING ""
#define PACKAGE_BUGREPORT ""
#define HAVE_PHP_BITMAPLIB 1
#define COMPILE_DL_PHP_BITMAP 1
#define STDC_HEADERS 1
#define HAVE_SYS_TYPES_H 1
#define HAVE_SYS_STAT_H 1
#define HAVE_STDLIB_H 1
#define HAVE_STRING_H 1
#define HAVE_MEMORY_H 1
#define HAVE_STRINGS_H 1
#define HAVE_INTTYPES_H 1
#define HAVE_STDINT_H 1
#define HAVE_UNISTD_H 1
#define HAVE_DLFCN_H 1

configure: exit 0
